2024-09-23 19:43:22.709 studio[2585:671158] allVms required 1.8*,1.8+
2024-09-23 19:43:22.712 studio[2585:671179] Current Directory: /Users/ask/PROJECTS/Flutter/test_drive
2024-09-23 19:43:22.712 studio[2585:671179] parseVMOptions: STUDIO_VM_OPTIONS = (null)
2024-09-23 19:43:22.712 studio[2585:671179] fullFileName is: /Applications/Android Studio.app/Contents/bin/studio.vmoptions
2024-09-23 19:43:22.712 studio[2585:671179] fullFileName exists: /Applications/Android Studio.app/Contents/bin/studio.vmoptions
2024-09-23 19:43:22.712 studio[2585:671179] parseVMOptions: /Applications/Android Studio.app/Contents/bin/studio.vmoptions
2024-09-23 19:43:22.712 studio[2585:671179] parseVMOptions: /Applications/Android Studio.app.vmoptions
2024-09-23 19:43:22.716 studio[2585:671179] parseVMOptions: /Users/ask/Library/Application Support/Google/AndroidStudio2024.1/studio.vmoptions
2024-09-23 19:43:22.716 studio[2585:671179] parseVMOptions: platform=18 user=4 file=/Users/ask/Library/Application Support/Google/AndroidStudio2024.1/studio.vmoptions
CompileCommand: exclude com/intellij/openapi/vfs/impl/FilePartNodeRoot.trieDescend bool exclude = true
2024-09-23 19:43:23.128 studio[2585:671158] WARNING: Secure coding is not enabled for restorable state! Enable secure coding by implementing NSApplicationDelegate.applicationSupportsSecureRestorableState: and returning YES.
2024-09-23 19:43:23,465 [    435]   WARN - #c.i.s.ComponentManagerImpl - com.android.tools.idea.flags.StudioFlags <clinit> requests com.android.tools.idea.flags.StudioFlagSettings instance. Class initialization must not depend on services. Consider using instance of the service on-demand instead.
2024-09-23 19:43:24,003 [    973]   WARN - #c.i.o.a.ActionStub - ActionGroup should be registered using <group> tag: id="MakeTypeSelectionGroup" class="com.android.tools.idea.gradle.actions.MakeTypeSelectionGroupAction"
2024-09-23 19:43:24,047 [   1017]   WARN - #c.i.o.a.ActionStub - ActionGroup should be registered using <group> tag: id="Android.CreateResourcesActionGroup" class="org.jetbrains.android.actions.CreateResourceFileActionGroup"
2024-09-23 19:43:24,178 [   1148]   WARN - #c.i.u.j.JBCefApp - JCefAppConfig.class is not from a JBR module, url: jar:file:/Applications/Android%20Studio.app/Contents/lib/lib.jar!/com/jetbrains/cef/JCefAppConfig.class (Use JBR bundled with the IDE)
2024-09-23 19:43:27,959 [   4929]   WARN - #c.i.i.s.i.StartupManagerImpl - Migrate com.supermaven.intellij.listeners.StartupListener to ProjectActivity [Plugin: com.supermaven.intellij]
com.intellij.diagnostic.PluginException: Migrate com.supermaven.intellij.listeners.StartupListener to ProjectActivity [Plugin: com.supermaven.intellij]
	at com.intellij.ide.startup.impl.StartupManagerImpl.runPostStartupActivities(StartupManagerImpl.kt:276)
	at com.intellij.ide.startup.impl.StartupManagerImpl.access$runPostStartupActivities(StartupManagerImpl.kt:68)
	at com.intellij.ide.startup.impl.StartupManagerImpl$runPostStartupActivities$3$2.invokeSuspend(StartupManagerImpl.kt:191)
	at com.intellij.ide.startup.impl.StartupManagerImpl$runPostStartupActivities$3$2.invoke(StartupManagerImpl.kt)
	at com.intellij.ide.startup.impl.StartupManagerImpl$runPostStartupActivities$3$2.invoke(StartupManagerImpl.kt)
	at kotlinx.coroutines.intrinsics.UndispatchedKt.startUndispatchedOrReturn(Undispatched.kt:78)
	at kotlinx.coroutines.BuildersKt__Builders_commonKt.withContext(Builders.common.kt:167)
	at kotlinx.coroutines.BuildersKt.withContext(Unknown Source)
	at com.intellij.ide.startup.impl.StartupManagerImpl$runPostStartupActivities$3.invokeSuspend(StartupManagerImpl.kt:190)
	at kotlin.coroutines.jvm.internal.BaseContinuationImpl.resumeWith(ContinuationImpl.kt:33)
	at kotlinx.coroutines.DispatchedTask.run(DispatchedTask.kt:108)
	at kotlinx.coroutines.scheduling.CoroutineScheduler.runSafely(CoroutineScheduler.kt:584)
	at kotlinx.coroutines.scheduling.CoroutineScheduler$Worker.executeTask(CoroutineScheduler.kt:793)
	at kotlinx.coroutines.scheduling.CoroutineScheduler$Worker.runWorker(CoroutineScheduler.kt:697)
	at kotlinx.coroutines.scheduling.CoroutineScheduler$Worker.run(CoroutineScheduler.kt:684)
2024-09-23 19:43:28,053 [   5023]   WARN - #com.android.tools.ndk.HotfixForOCInitialTablesBuildingActivity - Overriding OCInitialTablesBuildingActivity with HotfixForOCInitialTablesBuildingActivity
2024-09-23 19:43:28,430 [   5400]   WARN - #c.i.s.ComponentManagerImpl - com.supermaven.intellij.authentication.StatusManager <clinit> requests com.supermaven.intellij.authentication.SupermavenSettingsState instance. Class initialization must not depend on services. Consider using instance of the service on-demand instead.
2024-09-23 19:43:28,868 [   5838]   WARN - #c.i.i.s.i.StartupManagerImpl - Migrate io.flutter.FlutterInitializer to ProjectActivity [Plugin: io.flutter]
com.intellij.diagnostic.PluginException: Migrate io.flutter.FlutterInitializer to ProjectActivity [Plugin: io.flutter]
	at com.intellij.ide.startup.impl.StartupManagerImpl.runPostStartupActivities(StartupManagerImpl.kt:276)
	at com.intellij.ide.startup.impl.StartupManagerImpl.access$runPostStartupActivities(StartupManagerImpl.kt:68)
	at com.intellij.ide.startup.impl.StartupManagerImpl$runPostStartupActivities$3$2.invokeSuspend(StartupManagerImpl.kt:191)
	at com.intellij.ide.startup.impl.StartupManagerImpl$runPostStartupActivities$3$2.invoke(StartupManagerImpl.kt)
	at com.intellij.ide.startup.impl.StartupManagerImpl$runPostStartupActivities$3$2.invoke(StartupManagerImpl.kt)
	at kotlinx.coroutines.intrinsics.UndispatchedKt.startUndispatchedOrReturn(Undispatched.kt:78)
	at kotlinx.coroutines.BuildersKt__Builders_commonKt.withContext(Builders.common.kt:167)
	at kotlinx.coroutines.BuildersKt.withContext(Unknown Source)
	at com.intellij.ide.startup.impl.StartupManagerImpl$runPostStartupActivities$3.invokeSuspend(StartupManagerImpl.kt:190)
	at kotlin.coroutines.jvm.internal.BaseContinuationImpl.resumeWith(ContinuationImpl.kt:33)
	at kotlinx.coroutines.DispatchedTask.run(DispatchedTask.kt:108)
	at kotlinx.coroutines.scheduling.CoroutineScheduler.runSafely(CoroutineScheduler.kt:584)
	at kotlinx.coroutines.scheduling.CoroutineScheduler$Worker.executeTask(CoroutineScheduler.kt:793)
	at kotlinx.coroutines.scheduling.CoroutineScheduler$Worker.runWorker(CoroutineScheduler.kt:697)
	at kotlinx.coroutines.scheduling.CoroutineScheduler$Worker.run(CoroutineScheduler.kt:684)
2024-09-23 19:43:28,874 [   5844]   WARN - #c.i.i.s.i.StartupManagerImpl - Migrate io.flutter.FlutterStudioStartupActivity to ProjectActivity [Plugin: io.flutter]
com.intellij.diagnostic.PluginException: Migrate io.flutter.FlutterStudioStartupActivity to ProjectActivity [Plugin: io.flutter]
	at com.intellij.ide.startup.impl.StartupManagerImpl.runPostStartupActivities(StartupManagerImpl.kt:276)
	at com.intellij.ide.startup.impl.StartupManagerImpl.access$runPostStartupActivities(StartupManagerImpl.kt:68)
	at com.intellij.ide.startup.impl.StartupManagerImpl$runPostStartupActivities$3$2.invokeSuspend(StartupManagerImpl.kt:191)
	at com.intellij.ide.startup.impl.StartupManagerImpl$runPostStartupActivities$3$2.invoke(StartupManagerImpl.kt)
	at com.intellij.ide.startup.impl.StartupManagerImpl$runPostStartupActivities$3$2.invoke(StartupManagerImpl.kt)
	at kotlinx.coroutines.intrinsics.UndispatchedKt.startUndispatchedOrReturn(Undispatched.kt:78)
	at kotlinx.coroutines.BuildersKt__Builders_commonKt.withContext(Builders.common.kt:167)
	at kotlinx.coroutines.BuildersKt.withContext(Unknown Source)
	at com.intellij.ide.startup.impl.StartupManagerImpl$runPostStartupActivities$3.invokeSuspend(StartupManagerImpl.kt:190)
	at kotlin.coroutines.jvm.internal.BaseContinuationImpl.resumeWith(ContinuationImpl.kt:33)
	at kotlinx.coroutines.DispatchedTask.run(DispatchedTask.kt:108)
	at kotlinx.coroutines.scheduling.CoroutineScheduler.runSafely(CoroutineScheduler.kt:584)
	at kotlinx.coroutines.scheduling.CoroutineScheduler$Worker.executeTask(CoroutineScheduler.kt:793)
	at kotlinx.coroutines.scheduling.CoroutineScheduler$Worker.runWorker(CoroutineScheduler.kt:697)
	at kotlinx.coroutines.scheduling.CoroutineScheduler$Worker.run(CoroutineScheduler.kt:684)
Could not process message from binary:  {"kind":"passthrough","stateId":"","items":null,"passthrough":{"kind":"active_repo","repo_simple_name":null}}
Popup message: We don't have an active payment method on file for your account. To use Supermaven Pro, please add a payment method.
2024-09-23 19:43:46,681 [  23651]   WARN - #c.i.u.x.Binding - No accessors for org.jetbrains.kotlin.cli.common.arguments.InternalArgument. This means that state class cannot be serialized properly. Please see https://jb.gg/ij-psoc
2024-09-23 19:43:54.371 studio[3012:673982] allVms required 1.8*,1.8+
2024-09-23 19:43:54.372 studio[3012:674014] Current Directory: /Users/ask/PROJECTS/Flutter/test_drive
2024-09-23 19:43:54.372 studio[3012:674014] parseVMOptions: STUDIO_VM_OPTIONS = (null)
2024-09-23 19:43:54.372 studio[3012:674014] fullFileName is: /Applications/Android Studio.app/Contents/bin/studio.vmoptions
2024-09-23 19:43:54.372 studio[3012:674014] fullFileName exists: /Applications/Android Studio.app/Contents/bin/studio.vmoptions
2024-09-23 19:43:54.372 studio[3012:674014] parseVMOptions: /Applications/Android Studio.app/Contents/bin/studio.vmoptions
2024-09-23 19:43:54.373 studio[3012:674014] parseVMOptions: /Applications/Android Studio.app.vmoptions
2024-09-23 19:43:54.376 studio[3012:674014] parseVMOptions: /Users/ask/Library/Application Support/Google/AndroidStudio2024.1/studio.vmoptions
2024-09-23 19:43:54.376 studio[3012:674014] parseVMOptions: platform=18 user=4 file=/Users/ask/Library/Application Support/Google/AndroidStudio2024.1/studio.vmoptions
CompileCommand: exclude com/intellij/openapi/vfs/impl/FilePartNodeRoot.trieDescend bool exclude = true
2024-09-23 19:43:54.734 studio[3012:673982] WARNING: Secure coding is not enabled for restorable state! Enable secure coding by implementing NSApplicationDelegate.applicationSupportsSecureRestorableState: and returning YES.
2024-09-23 19:43:54,748 [     97]   WARN - #c.i.u.s.SvgCacheManager - Icon cache is corrupted (PersistentEnumerator storage corrupted /Users/ask/Library/Caches/Google/AndroidStudio2024.1/icon-cache/icon.db)
2024-09-23 19:43:54,985 [    334]   WARN - #c.i.s.ComponentManagerImpl - com.android.tools.idea.flags.StudioFlags <clinit> requests com.android.tools.idea.flags.StudioFlagSettings instance. Class initialization must not depend on services. Consider using instance of the service on-demand instead.
2024-09-23 19:43:55,506 [    855]   WARN - #c.i.o.a.ActionStub - ActionGroup should be registered using <group> tag: id="MakeTypeSelectionGroup" class="com.android.tools.idea.gradle.actions.MakeTypeSelectionGroupAction"
2024-09-23 19:43:55,557 [    906]   WARN - #c.i.o.a.ActionStub - ActionGroup should be registered using <group> tag: id="Android.CreateResourcesActionGroup" class="org.jetbrains.android.actions.CreateResourceFileActionGroup"
2024-09-23 19:43:55,719 [   1068]   WARN - #c.i.u.j.JBCefApp - JCefAppConfig.class is not from a JBR module, url: jar:file:/Applications/Android%20Studio.app/Contents/lib/lib.jar!/com/jetbrains/cef/JCefAppConfig.class (Use JBR bundled with the IDE)
2024-09-23 19:43:57,251 [   2600]   WARN - #c.i.s.ComponentManagerImpl - com.supermaven.intellij.authentication.StatusManager <clinit> requests com.supermaven.intellij.authentication.SupermavenSettingsState instance. Class initialization must not depend on services. Consider using instance of the service on-demand instead.
2024-09-23 19:43:57,316 [   2665]   WARN - #c.i.i.s.i.StartupManagerImpl - Migrate com.supermaven.intellij.listeners.StartupListener to ProjectActivity [Plugin: com.supermaven.intellij]
com.intellij.diagnostic.PluginException: Migrate com.supermaven.intellij.listeners.StartupListener to ProjectActivity [Plugin: com.supermaven.intellij]
	at com.intellij.ide.startup.impl.StartupManagerImpl.runPostStartupActivities(StartupManagerImpl.kt:276)
	at com.intellij.ide.startup.impl.StartupManagerImpl.access$runPostStartupActivities(StartupManagerImpl.kt:68)
	at com.intellij.ide.startup.impl.StartupManagerImpl$runPostStartupActivities$3$2.invokeSuspend(StartupManagerImpl.kt:191)
	at com.intellij.ide.startup.impl.StartupManagerImpl$runPostStartupActivities$3$2.invoke(StartupManagerImpl.kt)
	at com.intellij.ide.startup.impl.StartupManagerImpl$runPostStartupActivities$3$2.invoke(StartupManagerImpl.kt)
	at kotlinx.coroutines.intrinsics.UndispatchedKt.startUndispatchedOrReturn(Undispatched.kt:78)
	at kotlinx.coroutines.BuildersKt__Builders_commonKt.withContext(Builders.common.kt:167)
	at kotlinx.coroutines.BuildersKt.withContext(Unknown Source)
	at com.intellij.ide.startup.impl.StartupManagerImpl$runPostStartupActivities$3.invokeSuspend(StartupManagerImpl.kt:190)
	at kotlin.coroutines.jvm.internal.BaseContinuationImpl.resumeWith(ContinuationImpl.kt:33)
	at kotlinx.coroutines.UndispatchedCoroutine.afterResume(CoroutineContext.kt:270)
	at kotlinx.coroutines.AbstractCoroutine.resumeWith(AbstractCoroutine.kt:102)
	at kotlin.coroutines.jvm.internal.BaseContinuationImpl.resumeWith(ContinuationImpl.kt:46)
	at kotlinx.coroutines.DispatchedTask.run(DispatchedTask.kt:108)
	at kotlinx.coroutines.scheduling.CoroutineScheduler.runSafely(CoroutineScheduler.kt:584)
	at kotlinx.coroutines.scheduling.CoroutineScheduler$Worker.executeTask(CoroutineScheduler.kt:793)
	at kotlinx.coroutines.scheduling.CoroutineScheduler$Worker.runWorker(CoroutineScheduler.kt:697)
	at kotlinx.coroutines.scheduling.CoroutineScheduler$Worker.run(CoroutineScheduler.kt:684)
2024-09-23 19:43:57,541 [   2890]   WARN - #c.i.i.s.i.StartupManagerImpl - Migrate io.flutter.FlutterInitializer to ProjectActivity [Plugin: io.flutter]
com.intellij.diagnostic.PluginException: Migrate io.flutter.FlutterInitializer to ProjectActivity [Plugin: io.flutter]
	at com.intellij.ide.startup.impl.StartupManagerImpl.runPostStartupActivities(StartupManagerImpl.kt:276)
	at com.intellij.ide.startup.impl.StartupManagerImpl.access$runPostStartupActivities(StartupManagerImpl.kt:68)
	at com.intellij.ide.startup.impl.StartupManagerImpl$runPostStartupActivities$3$2.invokeSuspend(StartupManagerImpl.kt:191)
	at com.intellij.ide.startup.impl.StartupManagerImpl$runPostStartupActivities$3$2.invoke(StartupManagerImpl.kt)
	at com.intellij.ide.startup.impl.StartupManagerImpl$runPostStartupActivities$3$2.invoke(StartupManagerImpl.kt)
	at kotlinx.coroutines.intrinsics.UndispatchedKt.startUndispatchedOrReturn(Undispatched.kt:78)
	at kotlinx.coroutines.BuildersKt__Builders_commonKt.withContext(Builders.common.kt:167)
	at kotlinx.coroutines.BuildersKt.withContext(Unknown Source)
	at com.intellij.ide.startup.impl.StartupManagerImpl$runPostStartupActivities$3.invokeSuspend(StartupManagerImpl.kt:190)
	at kotlin.coroutines.jvm.internal.BaseContinuationImpl.resumeWith(ContinuationImpl.kt:33)
	at kotlinx.coroutines.UndispatchedCoroutine.afterResume(CoroutineContext.kt:270)
	at kotlinx.coroutines.AbstractCoroutine.resumeWith(AbstractCoroutine.kt:102)
	at kotlin.coroutines.jvm.internal.BaseContinuationImpl.resumeWith(ContinuationImpl.kt:46)
	at kotlinx.coroutines.DispatchedTask.run(DispatchedTask.kt:108)
	at kotlinx.coroutines.scheduling.CoroutineScheduler.runSafely(CoroutineScheduler.kt:584)
	at kotlinx.coroutines.scheduling.CoroutineScheduler$Worker.executeTask(CoroutineScheduler.kt:793)
	at kotlinx.coroutines.scheduling.CoroutineScheduler$Worker.runWorker(CoroutineScheduler.kt:697)
	at kotlinx.coroutines.scheduling.CoroutineScheduler$Worker.run(CoroutineScheduler.kt:684)
2024-09-23 19:43:57,544 [   2893]   WARN - #c.i.i.s.i.StartupManagerImpl - Migrate io.flutter.FlutterStudioStartupActivity to ProjectActivity [Plugin: io.flutter]
com.intellij.diagnostic.PluginException: Migrate io.flutter.FlutterStudioStartupActivity to ProjectActivity [Plugin: io.flutter]
	at com.intellij.ide.startup.impl.StartupManagerImpl.runPostStartupActivities(StartupManagerImpl.kt:276)
	at com.intellij.ide.startup.impl.StartupManagerImpl.access$runPostStartupActivities(StartupManagerImpl.kt:68)
	at com.intellij.ide.startup.impl.StartupManagerImpl$runPostStartupActivities$3$2.invokeSuspend(StartupManagerImpl.kt:191)
	at com.intellij.ide.startup.impl.StartupManagerImpl$runPostStartupActivities$3$2.invoke(StartupManagerImpl.kt)
	at com.intellij.ide.startup.impl.StartupManagerImpl$runPostStartupActivities$3$2.invoke(StartupManagerImpl.kt)
	at kotlinx.coroutines.intrinsics.UndispatchedKt.startUndispatchedOrReturn(Undispatched.kt:78)
	at kotlinx.coroutines.BuildersKt__Builders_commonKt.withContext(Builders.common.kt:167)
	at kotlinx.coroutines.BuildersKt.withContext(Unknown Source)
	at com.intellij.ide.startup.impl.StartupManagerImpl$runPostStartupActivities$3.invokeSuspend(StartupManagerImpl.kt:190)
	at kotlin.coroutines.jvm.internal.BaseContinuationImpl.resumeWith(ContinuationImpl.kt:33)
	at kotlinx.coroutines.UndispatchedCoroutine.afterResume(CoroutineContext.kt:270)
	at kotlinx.coroutines.AbstractCoroutine.resumeWith(AbstractCoroutine.kt:102)
	at kotlin.coroutines.jvm.internal.BaseContinuationImpl.resumeWith(ContinuationImpl.kt:46)
	at kotlinx.coroutines.DispatchedTask.run(DispatchedTask.kt:108)
	at kotlinx.coroutines.scheduling.CoroutineScheduler.runSafely(CoroutineScheduler.kt:584)
	at kotlinx.coroutines.scheduling.CoroutineScheduler$Worker.executeTask(CoroutineScheduler.kt:793)
	at kotlinx.coroutines.scheduling.CoroutineScheduler$Worker.runWorker(CoroutineScheduler.kt:697)
	at kotlinx.coroutines.scheduling.CoroutineScheduler$Worker.run(CoroutineScheduler.kt:684)
2024-09-23 19:43:57,555 [   2904]   WARN - #com.android.tools.ndk.HotfixForOCInitialTablesBuildingActivity - Overriding OCInitialTablesBuildingActivity with HotfixForOCInitialTablesBuildingActivity
2024-09-23 19:43:58,981 [   4330]   WARN - #c.i.u.i.p.ProjectIndexableFilesFilterHealthCheck - Following files are indexable but they were NOT found in filter. Errors count: 43023. Examples:
file id=2959 path=/Users/ask/Library/Android/sdk/platforms/android-34/android.jar!/
file id=2961 path=/Users/ask/Library/Android/sdk/platforms/android-34/data/res
file id=2963 path=/Users/ask/Library/Android/sdk/sources/android-34
file id=21469 path=/Users/ask/Library/Android/sdk/sources/android-34/android
file id=21470 path=/Users/ask/Library/Android/sdk/sources/android-34/android/view
...
Could not process message from binary:  {"kind":"passthrough","stateId":"","items":null,"passthrough":{"kind":"active_repo","repo_simple_name":null}}
Popup message: We don't have an active payment method on file for your account. To use Supermaven Pro, please add a payment method.
2024-09-23 19:44:33,799 [  39148]   WARN - #c.i.u.x.Binding - No accessors for org.jetbrains.kotlin.cli.common.arguments.InternalArgument. This means that state class cannot be serialized properly. Please see https://jb.gg/ij-psoc
2024-09-23 19:44:54,911 [  60260]   WARN - #c.i.u.x.Binding - No accessors for com.intellij.platform.feedback.impl.state.DontShowAgainFeedbackState. This means that state class cannot be serialized properly. Please see https://jb.gg/ij-psoc
2024-09-23 19:44:54,912 [  60261]   WARN - #c.i.u.x.Binding - No accessors for com.intellij.platform.feedback.impl.state.CommonFeedbackSurveysState. This means that state class cannot be serialized properly. Please see https://jb.gg/ij-psoc
2024-09-23 19:45:24,965 [  90314]   WARN - #c.i.s.ComponentManagerImpl - com.intellij.usages.UsageNodePresentation <clinit> requests com.intellij.usageView.UsageTreeColorsScheme instance. Class initialization must not depend on services. Consider using instance of the service on-demand instead.
2024-09-23 19:48:55,227 [ 300576]   WARN - #com.android.tools.idea.analytics.SystemInfoStatsMonitor - CpuInfoFlags.fromExitCode(): unknown flag values '0x80'
2024-09-23 19:53:54,965 [ 600314]   WARN - #c.i.u.x.Binding - No accessors for com.intellij.toolWindow.ToolWindowLayoutStorageManagerState. This means that state class cannot be serialized properly. Please see https://jb.gg/ij-psoc
